\BOOKMARK [1][-]{section.1}{PACT analyse}{}% 1
\BOOKMARK [2][-]{subsection.1.1}{People}{section.1}% 2
\BOOKMARK [2][-]{subsection.1.2}{Activities}{section.1}% 3
\BOOKMARK [2][-]{subsection.1.3}{Context}{section.1}% 4
\BOOKMARK [2][-]{subsection.1.4}{Technology}{section.1}% 5
\BOOKMARK [1][-]{section.2}{Fremgangsm\345de}{}% 6
\BOOKMARK [2][-]{subsection.2.1}{Anvendt metode}{section.2}% 7
\BOOKMARK [2][-]{subsection.2.2}{Diskussion af metoden}{section.2}% 8
\BOOKMARK [2][-]{subsection.2.3}{Interviewdeltagere}{section.2}% 9
\BOOKMARK [1][-]{section.3}{Interviewresultater}{}% 10
\BOOKMARK [2][-]{subsection.3.1}{Erfaringer med og brug af traditionelle fysiske l\345se}{section.3}% 11
\BOOKMARK [2][-]{subsection.3.2}{Erfaringer fra andre digitale l\345se}{section.3}% 12
\BOOKMARK [2][-]{subsection.3.3}{Erfaringer med andre internetstyrede l\370sninger}{section.3}% 13
\BOOKMARK [2][-]{subsection.3.4}{Generelle forventninger}{section.3}% 14
\BOOKMARK [2][-]{subsection.3.5}{Features, der ville v\346re gode, men som ikke er forventet}{section.3}% 15
\BOOKMARK [2][-]{subsection.3.6}{Features og indhold der ville v\346re d\345rligt}{section.3}% 16
\BOOKMARK [2][-]{subsection.3.7}{Holdninger til anvendelse}{section.3}% 17
\BOOKMARK [2][-]{subsection.3.8}{Tillid og sikkerhed}{section.3}% 18
\BOOKMARK [2][-]{subsection.3.9}{Forventning vs. prototype}{section.3}% 19
\BOOKMARK [1][-]{section.4}{Kerneopgaver}{}% 20
\BOOKMARK [1][-]{section.5}{M\345lgruppebeskrivelser}{}% 21
\BOOKMARK [2][-]{subsection.5.1}{Uddybende beskrivelse af m\345lgruppen personer der er \345bne overfor ny teknologi}{section.5}% 22
\BOOKMARK [1][-]{section.6}{Personas}{}% 23
\BOOKMARK [2][-]{subsection.6.1}{Handy Tom}{section.6}% 24
\BOOKMARK [2][-]{subsection.6.2}{N\370rdede Niels}{section.6}% 25
\BOOKMARK [1][-]{section.7}{Scenarier}{}% 26
\BOOKMARK [2][-]{subsection.7.1}{Toms brug af l\345sesystemet}{section.7}% 27
\BOOKMARK [2][-]{subsection.7.2}{Niels brug af l\345sesystemet}{section.7}% 28
\BOOKMARK [1][-]{section.8}{Erfaringer}{}% 29
\BOOKMARK [1][-]{appendix.A}{Tjekliste}{}% 30
\BOOKMARK [1][-]{appendix.B}{Prototype}{}% 31
\BOOKMARK [1][-]{appendix.C}{Kommentarer}{}% 32
